2022-06-06 20:55:23 DEBUG InternalLoggerFactory:89 - Using Log4J as the default logging framework
2022-06-06 20:55:23 DEBUG ResourceLeakDetector:129 - -Dio.netty.leakDetection.level: simple
2022-06-06 20:55:23 DEBUG ResourceLeakDetector:130 - -Dio.netty.leakDetection.targetRecords: 4
2022-06-06 20:55:23 DEBUG ResourceLeakDetectorFactory:196 - Loaded default ResourceLeakDetector: io.netty.util.ResourceLeakDetector@2617f816
2022-06-06 20:55:23 DEBUG PlatformDependent0:460 - -Dio.netty.noUnsafe: false
2022-06-06 20:55:23 DEBUG PlatformDependent0:954 - Java version: 17
2022-06-06 20:55:23 DEBUG PlatformDependent0:135 - sun.misc.Unsafe.theUnsafe: available
2022-06-06 20:55:23 DEBUG PlatformDependent0:159 - sun.misc.Unsafe.copyMemory: available
2022-06-06 20:55:23 DEBUG PlatformDependent0:202 - java.nio.Buffer.address: available
2022-06-06 20:55:23 DEBUG PlatformDependent0:285 - direct buffer constructor: unavailable: Reflective setAccessible(true) disabled
2022-06-06 20:55:23 DEBUG PlatformDependent0:350 - java.nio.Bits.unaligned: available, true
2022-06-06 20:55:23 DEBUG PlatformDependent0:417 - jdk.internal.misc.Unsafe.allocateUninitializedArray(int): unavailable: class io.netty.util.internal.PlatformDependent0$6 cannot access class jdk.internal.misc.Unsafe (in module java.base) because module java.base does not export jdk.internal.misc to unnamed module @3567135c
2022-06-06 20:55:23 DEBUG PlatformDependent0:446 - java.nio.DirectByteBuffer.<init>(long, int): unavailable
2022-06-06 20:55:23 DEBUG PlatformDependent:1103 - sun.misc.Unsafe: available
2022-06-06 20:55:23 DEBUG PlatformDependent:1205 - maxDirectMemory: 2147483648 bytes (maybe)
2022-06-06 20:55:23 DEBUG PlatformDependent:1224 - -Dio.netty.tmpdir: /var/folders/r5/3x7d3q6n3_v5hm4lj7mgh2fh0000gp/T (java.io.tmpdir)
2022-06-06 20:55:23 DEBUG PlatformDependent:1303 - -Dio.netty.bitMode: 64 (sun.arch.data.model)
2022-06-06 20:55:23 DEBUG PlatformDependent:1071 - Platform: MacOS
2022-06-06 20:55:23 DEBUG PlatformDependent:178 - -Dio.netty.maxDirectMemory: -1 bytes
2022-06-06 20:55:23 DEBUG PlatformDependent:185 - -Dio.netty.uninitializedArrayAllocationThreshold: -1
2022-06-06 20:55:23 DEBUG CleanerJava9:71 - java.nio.ByteBuffer.cleaner(): available
2022-06-06 20:55:23 DEBUG PlatformDependent:205 - -Dio.netty.noPreferDirect: false
2022-06-06 20:55:23 DEBUG PlatformDependent:967 - org.jctools-core.MpscChunkedArrayQueue: available
2022-06-06 20:55:23 DEBUG InternalThreadLocalMap:83 - -Dio.netty.threadLocalMap.stringBuilder.initialSize: 1024
2022-06-06 20:55:23 DEBUG InternalThreadLocalMap:86 - -Dio.netty.threadLocalMap.stringBuilder.maxSize: 4096
2022-06-06 20:55:23 DEBUG JdkSslContext:97 - Default protocols (JDK): [TLSv1.3, TLSv1.2] 
2022-06-06 20:55:23 DEBUG JdkSslContext:98 - Default cipher suites (JDK): [TLS_ECDHE_ECDSA_WITH_AES_256_GCM_SHA384, TLS_ECDHE_ECDSA_WITH_AES_128_GCM_SHA256, TLS_ECDHE_RSA_WITH_AES_128_GCM_SHA256, TLS_ECDHE_RSA_WITH_AES_256_GCM_SHA384, TLS_ECDHE_RSA_WITH_AES_128_CBC_SHA, TLS_ECDHE_RSA_WITH_AES_256_CBC_SHA, TLS_RSA_WITH_AES_128_GCM_SHA256, TLS_RSA_WITH_AES_128_CBC_SHA, TLS_RSA_WITH_AES_256_CBC_SHA, TLS_AES_128_GCM_SHA256, TLS_AES_256_GCM_SHA384]
2022-06-06 20:55:23 DEBUG MultithreadEventLoopGroup:44 - -Dio.netty.eventLoopThreads: 16
2022-06-06 20:55:23 DEBUG NioEventLoop:106 - -Dio.netty.noKeySetOptimization: false
2022-06-06 20:55:23 DEBUG NioEventLoop:107 - -Dio.netty.selectorAutoRebuildThreshold: 512
2022-06-06 20:55:23 DEBUG PooledByteBufAllocator:155 - -Dio.netty.allocator.numHeapArenas: 16
2022-06-06 20:55:23 DEBUG PooledByteBufAllocator:156 - -Dio.netty.allocator.numDirectArenas: 16
2022-06-06 20:55:23 DEBUG PooledByteBufAllocator:158 - -Dio.netty.allocator.pageSize: 8192
2022-06-06 20:55:23 DEBUG PooledByteBufAllocator:163 - -Dio.netty.allocator.maxOrder: 11
2022-06-06 20:55:23 DEBUG PooledByteBufAllocator:167 - -Dio.netty.allocator.chunkSize: 16777216
2022-06-06 20:55:23 DEBUG PooledByteBufAllocator:168 - -Dio.netty.allocator.smallCacheSize: 256
2022-06-06 20:55:23 DEBUG PooledByteBufAllocator:169 - -Dio.netty.allocator.normalCacheSize: 64
2022-06-06 20:55:23 DEBUG PooledByteBufAllocator:170 - -Dio.netty.allocator.maxCachedBufferCapacity: 32768
2022-06-06 20:55:23 DEBUG PooledByteBufAllocator:171 - -Dio.netty.allocator.cacheTrimInterval: 8192
2022-06-06 20:55:23 DEBUG PooledByteBufAllocator:172 - -Dio.netty.allocator.cacheTrimIntervalMillis: 0
2022-06-06 20:55:23 DEBUG PooledByteBufAllocator:173 - -Dio.netty.allocator.useCacheForAllThreads: true
2022-06-06 20:55:23 DEBUG PooledByteBufAllocator:174 - -Dio.netty.allocator.maxCachedByteBuffersPerChunk: 1023
2022-06-06 20:55:23 DEBUG ByteBufUtil:87 - -Dio.netty.allocator.type: pooled
2022-06-06 20:55:23 DEBUG ByteBufUtil:96 - -Dio.netty.threadLocalDirectBufferSize: 0
2022-06-06 20:55:23 DEBUG ByteBufUtil:99 - -Dio.netty.maxThreadLocalCharBufferSize: 16384
2022-06-06 20:55:23 DEBUG DefaultChannelId:79 - -Dio.netty.processId: 830 (auto-detected)
2022-06-06 20:55:23 DEBUG NetUtil:135 - -Djava.net.preferIPv4Stack: false
2022-06-06 20:55:23 DEBUG NetUtil:136 - -Djava.net.preferIPv6Addresses: false
2022-06-06 20:55:23 DEBUG NetUtilInitializations:129 - Loopback interface: lo0 (lo0, 0:0:0:0:0:0:0:1%lo0)
2022-06-06 20:55:23 DEBUG NetUtil:187 - Failed to get SOMAXCONN from sysctl and file /proc/sys/net/core/somaxconn. Default: 128
2022-06-06 20:55:23 DEBUG DefaultChannelId:101 - -Dio.netty.machineId: 0c:e4:41:ff:fe:ec:2e:af (auto-detected)
2022-06-06 20:55:23 DEBUG AbstractByteBuf:63 - -Dio.netty.buffer.checkAccessible: true
2022-06-06 20:55:23 DEBUG AbstractByteBuf:64 - -Dio.netty.buffer.checkBounds: true
2022-06-06 20:55:23 DEBUG ResourceLeakDetectorFactory:196 - Loaded default ResourceLeakDetector: io.netty.util.ResourceLeakDetector@3f425164
2022-06-06 20:55:23 DEBUG Recycler:103 - -Dio.netty.recycler.maxCapacityPerThread: 4096
2022-06-06 20:55:23 DEBUG Recycler:104 - -Dio.netty.recycler.maxSharedCapacityFactor: 2
2022-06-06 20:55:23 DEBUG Recycler:105 - -Dio.netty.recycler.linkCapacity: 16
2022-06-06 20:55:23 DEBUG Recycler:106 - -Dio.netty.recycler.ratio: 8
2022-06-06 20:55:23 DEBUG Recycler:107 - -Dio.netty.recycler.delayedQueue.ratio: 8
2022-06-06 20:55:28 DEBUG Brotli:38 - brotli4j not in the classpath; Brotli support will be unavailable.
2022-06-06 20:55:28 DEBUG ThreadLocalRandom:214 - -Dio.netty.initialSeedUniquifier: 0x3ba0a44171a8e889
2022-06-06 20:55:42 INFO  Log:11 - =====================================loginTest TEST START=========================================
2022-06-06 20:55:42 INFO  Log:22 - User is going to click sign in
2022-06-06 20:56:09 INFO  Log:22 - Enter Usename and password
2022-06-06 20:56:49 DEBUG InternalLoggerFactory:89 - Using Log4J as the default logging framework
2022-06-06 20:56:49 DEBUG ResourceLeakDetector:129 - -Dio.netty.leakDetection.level: simple
2022-06-06 20:56:49 DEBUG ResourceLeakDetector:130 - -Dio.netty.leakDetection.targetRecords: 4
2022-06-06 20:56:49 DEBUG ResourceLeakDetectorFactory:196 - Loaded default ResourceLeakDetector: io.netty.util.ResourceLeakDetector@473b3b7a
2022-06-06 20:56:49 DEBUG PlatformDependent0:460 - -Dio.netty.noUnsafe: false
2022-06-06 20:56:49 DEBUG PlatformDependent0:954 - Java version: 17
2022-06-06 20:56:49 DEBUG PlatformDependent0:135 - sun.misc.Unsafe.theUnsafe: available
2022-06-06 20:56:49 DEBUG PlatformDependent0:159 - sun.misc.Unsafe.copyMemory: available
2022-06-06 20:56:49 DEBUG PlatformDependent0:202 - java.nio.Buffer.address: available
2022-06-06 20:56:49 DEBUG PlatformDependent0:285 - direct buffer constructor: unavailable: Reflective setAccessible(true) disabled
2022-06-06 20:56:49 DEBUG PlatformDependent0:350 - java.nio.Bits.unaligned: available, true
2022-06-06 20:56:49 DEBUG PlatformDependent0:417 - jdk.internal.misc.Unsafe.allocateUninitializedArray(int): unavailable: class io.netty.util.internal.PlatformDependent0$6 cannot access class jdk.internal.misc.Unsafe (in module java.base) because module java.base does not export jdk.internal.misc to unnamed module @3567135c
2022-06-06 20:56:49 DEBUG PlatformDependent0:446 - java.nio.DirectByteBuffer.<init>(long, int): unavailable
2022-06-06 20:56:49 DEBUG PlatformDependent:1103 - sun.misc.Unsafe: available
2022-06-06 20:56:49 DEBUG PlatformDependent:1205 - maxDirectMemory: 2147483648 bytes (maybe)
2022-06-06 20:56:49 DEBUG PlatformDependent:1224 - -Dio.netty.tmpdir: /var/folders/r5/3x7d3q6n3_v5hm4lj7mgh2fh0000gp/T (java.io.tmpdir)
2022-06-06 20:56:49 DEBUG PlatformDependent:1303 - -Dio.netty.bitMode: 64 (sun.arch.data.model)
2022-06-06 20:56:49 DEBUG PlatformDependent:1071 - Platform: MacOS
2022-06-06 20:56:49 DEBUG PlatformDependent:178 - -Dio.netty.maxDirectMemory: -1 bytes
2022-06-06 20:56:49 DEBUG PlatformDependent:185 - -Dio.netty.uninitializedArrayAllocationThreshold: -1
2022-06-06 20:56:49 DEBUG CleanerJava9:71 - java.nio.ByteBuffer.cleaner(): available
2022-06-06 20:56:49 DEBUG PlatformDependent:205 - -Dio.netty.noPreferDirect: false
2022-06-06 20:56:49 DEBUG PlatformDependent:967 - org.jctools-core.MpscChunkedArrayQueue: available
2022-06-06 20:56:49 DEBUG InternalThreadLocalMap:83 - -Dio.netty.threadLocalMap.stringBuilder.initialSize: 1024
2022-06-06 20:56:49 DEBUG InternalThreadLocalMap:86 - -Dio.netty.threadLocalMap.stringBuilder.maxSize: 4096
2022-06-06 20:56:49 DEBUG JdkSslContext:97 - Default protocols (JDK): [TLSv1.3, TLSv1.2] 
2022-06-06 20:56:49 DEBUG JdkSslContext:98 - Default cipher suites (JDK): [TLS_ECDHE_ECDSA_WITH_AES_256_GCM_SHA384, TLS_ECDHE_ECDSA_WITH_AES_128_GCM_SHA256, TLS_ECDHE_RSA_WITH_AES_128_GCM_SHA256, TLS_ECDHE_RSA_WITH_AES_256_GCM_SHA384, TLS_ECDHE_RSA_WITH_AES_128_CBC_SHA, TLS_ECDHE_RSA_WITH_AES_256_CBC_SHA, TLS_RSA_WITH_AES_128_GCM_SHA256, TLS_RSA_WITH_AES_128_CBC_SHA, TLS_RSA_WITH_AES_256_CBC_SHA, TLS_AES_128_GCM_SHA256, TLS_AES_256_GCM_SHA384]
2022-06-06 20:56:49 DEBUG MultithreadEventLoopGroup:44 - -Dio.netty.eventLoopThreads: 16
2022-06-06 20:56:49 DEBUG NioEventLoop:106 - -Dio.netty.noKeySetOptimization: false
2022-06-06 20:56:49 DEBUG NioEventLoop:107 - -Dio.netty.selectorAutoRebuildThreshold: 512
2022-06-06 20:56:49 DEBUG PooledByteBufAllocator:155 - -Dio.netty.allocator.numHeapArenas: 16
2022-06-06 20:56:49 DEBUG PooledByteBufAllocator:156 - -Dio.netty.allocator.numDirectArenas: 16
2022-06-06 20:56:49 DEBUG PooledByteBufAllocator:158 - -Dio.netty.allocator.pageSize: 8192
2022-06-06 20:56:49 DEBUG PooledByteBufAllocator:163 - -Dio.netty.allocator.maxOrder: 11
2022-06-06 20:56:49 DEBUG PooledByteBufAllocator:167 - -Dio.netty.allocator.chunkSize: 16777216
2022-06-06 20:56:49 DEBUG PooledByteBufAllocator:168 - -Dio.netty.allocator.smallCacheSize: 256
2022-06-06 20:56:49 DEBUG PooledByteBufAllocator:169 - -Dio.netty.allocator.normalCacheSize: 64
2022-06-06 20:56:49 DEBUG PooledByteBufAllocator:170 - -Dio.netty.allocator.maxCachedBufferCapacity: 32768
2022-06-06 20:56:49 DEBUG PooledByteBufAllocator:171 - -Dio.netty.allocator.cacheTrimInterval: 8192
2022-06-06 20:56:49 DEBUG PooledByteBufAllocator:172 - -Dio.netty.allocator.cacheTrimIntervalMillis: 0
2022-06-06 20:56:49 DEBUG PooledByteBufAllocator:173 - -Dio.netty.allocator.useCacheForAllThreads: true
2022-06-06 20:56:49 DEBUG PooledByteBufAllocator:174 - -Dio.netty.allocator.maxCachedByteBuffersPerChunk: 1023
2022-06-06 20:56:49 DEBUG ByteBufUtil:87 - -Dio.netty.allocator.type: pooled
2022-06-06 20:56:49 DEBUG ByteBufUtil:96 - -Dio.netty.threadLocalDirectBufferSize: 0
2022-06-06 20:56:49 DEBUG ByteBufUtil:99 - -Dio.netty.maxThreadLocalCharBufferSize: 16384
2022-06-06 20:56:50 DEBUG DefaultChannelId:79 - -Dio.netty.processId: 1003 (auto-detected)
2022-06-06 20:56:50 DEBUG NetUtil:135 - -Djava.net.preferIPv4Stack: false
2022-06-06 20:56:50 DEBUG NetUtil:136 - -Djava.net.preferIPv6Addresses: false
2022-06-06 20:56:50 DEBUG NetUtilInitializations:129 - Loopback interface: lo0 (lo0, 0:0:0:0:0:0:0:1%lo0)
2022-06-06 20:56:50 DEBUG NetUtil:187 - Failed to get SOMAXCONN from sysctl and file /proc/sys/net/core/somaxconn. Default: 128
2022-06-06 20:56:50 DEBUG DefaultChannelId:101 - -Dio.netty.machineId: 0c:e4:41:ff:fe:ec:2e:af (auto-detected)
2022-06-06 20:56:50 DEBUG AbstractByteBuf:63 - -Dio.netty.buffer.checkAccessible: true
2022-06-06 20:56:50 DEBUG AbstractByteBuf:64 - -Dio.netty.buffer.checkBounds: true
2022-06-06 20:56:50 DEBUG ResourceLeakDetectorFactory:196 - Loaded default ResourceLeakDetector: io.netty.util.ResourceLeakDetector@3dfd64a9
2022-06-06 20:56:50 DEBUG Recycler:103 - -Dio.netty.recycler.maxCapacityPerThread: 4096
2022-06-06 20:56:50 DEBUG Recycler:104 - -Dio.netty.recycler.maxSharedCapacityFactor: 2
2022-06-06 20:56:50 DEBUG Recycler:105 - -Dio.netty.recycler.linkCapacity: 16
2022-06-06 20:56:50 DEBUG Recycler:106 - -Dio.netty.recycler.ratio: 8
2022-06-06 20:56:50 DEBUG Recycler:107 - -Dio.netty.recycler.delayedQueue.ratio: 8
2022-06-06 20:56:53 DEBUG Brotli:38 - brotli4j not in the classpath; Brotli support will be unavailable.
2022-06-06 20:56:53 DEBUG ThreadLocalRandom:214 - -Dio.netty.initialSeedUniquifier: 0x6325cb98fcd8ee14
2022-06-06 20:57:01 INFO  Log:11 - =====================================loginTest TEST START=========================================
2022-06-06 20:57:01 INFO  Log:22 - User is going to click sign in
2022-06-06 20:57:16 INFO  Log:22 - Enter Usename and password
2022-06-06 20:57:21 INFO  Log:22 - Verfying if the url
2022-06-06 20:57:21 INFO  Log:22 - Login is Sucess
2022-06-06 20:57:21 INFO  Log:15 - =====================================LoginTest TEST END=========================================
2022-06-06 21:15:46 DEBUG InternalLoggerFactory:89 - Using Log4J as the default logging framework
2022-06-06 21:15:46 DEBUG ResourceLeakDetector:129 - -Dio.netty.leakDetection.level: simple
2022-06-06 21:15:46 DEBUG ResourceLeakDetector:130 - -Dio.netty.leakDetection.targetRecords: 4
2022-06-06 21:15:46 DEBUG ResourceLeakDetectorFactory:196 - Loaded default ResourceLeakDetector: io.netty.util.ResourceLeakDetector@1c504e66
2022-06-06 21:15:46 DEBUG PlatformDependent0:460 - -Dio.netty.noUnsafe: false
2022-06-06 21:15:46 DEBUG PlatformDependent0:954 - Java version: 17
2022-06-06 21:15:46 DEBUG PlatformDependent0:135 - sun.misc.Unsafe.theUnsafe: available
2022-06-06 21:15:46 DEBUG PlatformDependent0:159 - sun.misc.Unsafe.copyMemory: available
2022-06-06 21:15:46 DEBUG PlatformDependent0:202 - java.nio.Buffer.address: available
2022-06-06 21:15:46 DEBUG PlatformDependent0:285 - direct buffer constructor: unavailable: Reflective setAccessible(true) disabled
2022-06-06 21:15:46 DEBUG PlatformDependent0:350 - java.nio.Bits.unaligned: available, true
2022-06-06 21:15:46 DEBUG PlatformDependent0:417 - jdk.internal.misc.Unsafe.allocateUninitializedArray(int): unavailable: class io.netty.util.internal.PlatformDependent0$6 cannot access class jdk.internal.misc.Unsafe (in module java.base) because module java.base does not export jdk.internal.misc to unnamed module @3567135c
2022-06-06 21:15:46 DEBUG PlatformDependent0:446 - java.nio.DirectByteBuffer.<init>(long, int): unavailable
2022-06-06 21:15:46 DEBUG PlatformDependent:1103 - sun.misc.Unsafe: available
2022-06-06 21:15:46 DEBUG PlatformDependent:1205 - maxDirectMemory: 2147483648 bytes (maybe)
2022-06-06 21:15:46 DEBUG PlatformDependent:1224 - -Dio.netty.tmpdir: /var/folders/r5/3x7d3q6n3_v5hm4lj7mgh2fh0000gp/T (java.io.tmpdir)
2022-06-06 21:15:46 DEBUG PlatformDependent:1303 - -Dio.netty.bitMode: 64 (sun.arch.data.model)
2022-06-06 21:15:46 DEBUG PlatformDependent:1071 - Platform: MacOS
2022-06-06 21:15:46 DEBUG PlatformDependent:178 - -Dio.netty.maxDirectMemory: -1 bytes
2022-06-06 21:15:46 DEBUG PlatformDependent:185 - -Dio.netty.uninitializedArrayAllocationThreshold: -1
2022-06-06 21:15:46 DEBUG CleanerJava9:71 - java.nio.ByteBuffer.cleaner(): available
2022-06-06 21:15:46 DEBUG PlatformDependent:205 - -Dio.netty.noPreferDirect: false
2022-06-06 21:15:46 DEBUG PlatformDependent:967 - org.jctools-core.MpscChunkedArrayQueue: available
2022-06-06 21:15:46 DEBUG InternalThreadLocalMap:83 - -Dio.netty.threadLocalMap.stringBuilder.initialSize: 1024
2022-06-06 21:15:46 DEBUG InternalThreadLocalMap:86 - -Dio.netty.threadLocalMap.stringBuilder.maxSize: 4096
2022-06-06 21:15:47 DEBUG JdkSslContext:97 - Default protocols (JDK): [TLSv1.3, TLSv1.2] 
2022-06-06 21:15:47 DEBUG JdkSslContext:98 - Default cipher suites (JDK): [TLS_ECDHE_ECDSA_WITH_AES_256_GCM_SHA384, TLS_ECDHE_ECDSA_WITH_AES_128_GCM_SHA256, TLS_ECDHE_RSA_WITH_AES_128_GCM_SHA256, TLS_ECDHE_RSA_WITH_AES_256_GCM_SHA384, TLS_ECDHE_RSA_WITH_AES_128_CBC_SHA, TLS_ECDHE_RSA_WITH_AES_256_CBC_SHA, TLS_RSA_WITH_AES_128_GCM_SHA256, TLS_RSA_WITH_AES_128_CBC_SHA, TLS_RSA_WITH_AES_256_CBC_SHA, TLS_AES_128_GCM_SHA256, TLS_AES_256_GCM_SHA384]
2022-06-06 21:15:47 DEBUG MultithreadEventLoopGroup:44 - -Dio.netty.eventLoopThreads: 16
2022-06-06 21:15:47 DEBUG NioEventLoop:106 - -Dio.netty.noKeySetOptimization: false
2022-06-06 21:15:47 DEBUG NioEventLoop:107 - -Dio.netty.selectorAutoRebuildThreshold: 512
2022-06-06 21:15:47 DEBUG PooledByteBufAllocator:155 - -Dio.netty.allocator.numHeapArenas: 16
2022-06-06 21:15:47 DEBUG PooledByteBufAllocator:156 - -Dio.netty.allocator.numDirectArenas: 16
2022-06-06 21:15:47 DEBUG PooledByteBufAllocator:158 - -Dio.netty.allocator.pageSize: 8192
2022-06-06 21:15:47 DEBUG PooledByteBufAllocator:163 - -Dio.netty.allocator.maxOrder: 11
2022-06-06 21:15:47 DEBUG PooledByteBufAllocator:167 - -Dio.netty.allocator.chunkSize: 16777216
2022-06-06 21:15:47 DEBUG PooledByteBufAllocator:168 - -Dio.netty.allocator.smallCacheSize: 256
2022-06-06 21:15:47 DEBUG PooledByteBufAllocator:169 - -Dio.netty.allocator.normalCacheSize: 64
2022-06-06 21:15:47 DEBUG PooledByteBufAllocator:170 - -Dio.netty.allocator.maxCachedBufferCapacity: 32768
2022-06-06 21:15:47 DEBUG PooledByteBufAllocator:171 - -Dio.netty.allocator.cacheTrimInterval: 8192
2022-06-06 21:15:47 DEBUG PooledByteBufAllocator:172 - -Dio.netty.allocator.cacheTrimIntervalMillis: 0
2022-06-06 21:15:47 DEBUG PooledByteBufAllocator:173 - -Dio.netty.allocator.useCacheForAllThreads: true
2022-06-06 21:15:47 DEBUG PooledByteBufAllocator:174 - -Dio.netty.allocator.maxCachedByteBuffersPerChunk: 1023
2022-06-06 21:15:47 DEBUG ByteBufUtil:87 - -Dio.netty.allocator.type: pooled
2022-06-06 21:15:47 DEBUG ByteBufUtil:96 - -Dio.netty.threadLocalDirectBufferSize: 0
2022-06-06 21:15:47 DEBUG ByteBufUtil:99 - -Dio.netty.maxThreadLocalCharBufferSize: 16384
2022-06-06 21:15:47 DEBUG DefaultChannelId:79 - -Dio.netty.processId: 2536 (auto-detected)
2022-06-06 21:15:47 DEBUG NetUtil:135 - -Djava.net.preferIPv4Stack: false
2022-06-06 21:15:47 DEBUG NetUtil:136 - -Djava.net.preferIPv6Addresses: false
2022-06-06 21:15:47 DEBUG NetUtilInitializations:129 - Loopback interface: lo0 (lo0, 0:0:0:0:0:0:0:1%lo0)
2022-06-06 21:15:47 DEBUG NetUtil:187 - Failed to get SOMAXCONN from sysctl and file /proc/sys/net/core/somaxconn. Default: 128
2022-06-06 21:15:47 DEBUG DefaultChannelId:101 - -Dio.netty.machineId: 0c:e4:41:ff:fe:ec:2e:af (auto-detected)
2022-06-06 21:15:47 DEBUG AbstractByteBuf:63 - -Dio.netty.buffer.checkAccessible: true
2022-06-06 21:15:47 DEBUG AbstractByteBuf:64 - -Dio.netty.buffer.checkBounds: true
2022-06-06 21:15:47 DEBUG ResourceLeakDetectorFactory:196 - Loaded default ResourceLeakDetector: io.netty.util.ResourceLeakDetector@699df4a7
2022-06-06 21:15:47 DEBUG Recycler:103 - -Dio.netty.recycler.maxCapacityPerThread: 4096
2022-06-06 21:15:47 DEBUG Recycler:104 - -Dio.netty.recycler.maxSharedCapacityFactor: 2
2022-06-06 21:15:47 DEBUG Recycler:105 - -Dio.netty.recycler.linkCapacity: 16
2022-06-06 21:15:47 DEBUG Recycler:106 - -Dio.netty.recycler.ratio: 8
2022-06-06 21:15:47 DEBUG Recycler:107 - -Dio.netty.recycler.delayedQueue.ratio: 8
2022-06-06 21:15:51 DEBUG Brotli:38 - brotli4j not in the classpath; Brotli support will be unavailable.
2022-06-06 21:15:51 DEBUG ThreadLocalRandom:214 - -Dio.netty.initialSeedUniquifier: 0x32714d828b9211fe
2022-06-06 21:15:57 INFO  Log:11 - =====================================loginTest TEST START=========================================
2022-06-06 21:15:57 INFO  Log:22 - User is going to click sign in
2022-06-06 21:16:01 INFO  Log:22 - Enter Usename and password
2022-06-06 21:16:03 INFO  Log:22 - Verfying if the url
2022-06-06 21:16:03 INFO  Log:22 - Login is Sucess
2022-06-06 21:16:03 INFO  Log:15 - =====================================LoginTest TEST END=========================================
2022-06-06 21:31:21 DEBUG InternalLoggerFactory:89 - Using Log4J as the default logging framework
2022-06-06 21:31:21 DEBUG ResourceLeakDetector:129 - -Dio.netty.leakDetection.level: simple
2022-06-06 21:31:21 DEBUG ResourceLeakDetector:130 - -Dio.netty.leakDetection.targetRecords: 4
2022-06-06 21:31:21 DEBUG ResourceLeakDetectorFactory:196 - Loaded default ResourceLeakDetector: io.netty.util.ResourceLeakDetector@59496961
2022-06-06 21:31:21 DEBUG PlatformDependent0:460 - -Dio.netty.noUnsafe: false
2022-06-06 21:31:21 DEBUG PlatformDependent0:954 - Java version: 17
2022-06-06 21:31:21 DEBUG PlatformDependent0:135 - sun.misc.Unsafe.theUnsafe: available
2022-06-06 21:31:21 DEBUG PlatformDependent0:159 - sun.misc.Unsafe.copyMemory: available
2022-06-06 21:31:21 DEBUG PlatformDependent0:202 - java.nio.Buffer.address: available
2022-06-06 21:31:21 DEBUG PlatformDependent0:285 - direct buffer constructor: unavailable: Reflective setAccessible(true) disabled
2022-06-06 21:31:21 DEBUG PlatformDependent0:350 - java.nio.Bits.unaligned: available, true
2022-06-06 21:31:21 DEBUG PlatformDependent0:417 - jdk.internal.misc.Unsafe.allocateUninitializedArray(int): unavailable: class io.netty.util.internal.PlatformDependent0$6 cannot access class jdk.internal.misc.Unsafe (in module java.base) because module java.base does not export jdk.internal.misc to unnamed module @3567135c
2022-06-06 21:31:21 DEBUG PlatformDependent0:446 - java.nio.DirectByteBuffer.<init>(long, int): unavailable
2022-06-06 21:31:21 DEBUG PlatformDependent:1103 - sun.misc.Unsafe: available
2022-06-06 21:31:21 DEBUG PlatformDependent:1205 - maxDirectMemory: 2147483648 bytes (maybe)
2022-06-06 21:31:21 DEBUG PlatformDependent:1224 - -Dio.netty.tmpdir: /var/folders/r5/3x7d3q6n3_v5hm4lj7mgh2fh0000gp/T (java.io.tmpdir)
2022-06-06 21:31:21 DEBUG PlatformDependent:1303 - -Dio.netty.bitMode: 64 (sun.arch.data.model)
2022-06-06 21:31:21 DEBUG PlatformDependent:1071 - Platform: MacOS
2022-06-06 21:31:21 DEBUG PlatformDependent:178 - -Dio.netty.maxDirectMemory: -1 bytes
2022-06-06 21:31:21 DEBUG PlatformDependent:185 - -Dio.netty.uninitializedArrayAllocationThreshold: -1
2022-06-06 21:31:21 DEBUG CleanerJava9:71 - java.nio.ByteBuffer.cleaner(): available
2022-06-06 21:31:21 DEBUG PlatformDependent:205 - -Dio.netty.noPreferDirect: false
2022-06-06 21:31:21 DEBUG PlatformDependent:967 - org.jctools-core.MpscChunkedArrayQueue: available
2022-06-06 21:31:21 DEBUG InternalThreadLocalMap:83 - -Dio.netty.threadLocalMap.stringBuilder.initialSize: 1024
2022-06-06 21:31:21 DEBUG InternalThreadLocalMap:86 - -Dio.netty.threadLocalMap.stringBuilder.maxSize: 4096
2022-06-06 21:31:21 DEBUG JdkSslContext:97 - Default protocols (JDK): [TLSv1.3, TLSv1.2] 
2022-06-06 21:31:21 DEBUG JdkSslContext:98 - Default cipher suites (JDK): [TLS_ECDHE_ECDSA_WITH_AES_256_GCM_SHA384, TLS_ECDHE_ECDSA_WITH_AES_128_GCM_SHA256, TLS_ECDHE_RSA_WITH_AES_128_GCM_SHA256, TLS_ECDHE_RSA_WITH_AES_256_GCM_SHA384, TLS_ECDHE_RSA_WITH_AES_128_CBC_SHA, TLS_ECDHE_RSA_WITH_AES_256_CBC_SHA, TLS_RSA_WITH_AES_128_GCM_SHA256, TLS_RSA_WITH_AES_128_CBC_SHA, TLS_RSA_WITH_AES_256_CBC_SHA, TLS_AES_128_GCM_SHA256, TLS_AES_256_GCM_SHA384]
2022-06-06 21:31:21 DEBUG MultithreadEventLoopGroup:44 - -Dio.netty.eventLoopThreads: 16
2022-06-06 21:31:21 DEBUG NioEventLoop:106 - -Dio.netty.noKeySetOptimization: false
2022-06-06 21:31:21 DEBUG NioEventLoop:107 - -Dio.netty.selectorAutoRebuildThreshold: 512
2022-06-06 21:31:21 DEBUG PooledByteBufAllocator:155 - -Dio.netty.allocator.numHeapArenas: 16
2022-06-06 21:31:21 DEBUG PooledByteBufAllocator:156 - -Dio.netty.allocator.numDirectArenas: 16
2022-06-06 21:31:21 DEBUG PooledByteBufAllocator:158 - -Dio.netty.allocator.pageSize: 8192
2022-06-06 21:31:21 DEBUG PooledByteBufAllocator:163 - -Dio.netty.allocator.maxOrder: 11
2022-06-06 21:31:21 DEBUG PooledByteBufAllocator:167 - -Dio.netty.allocator.chunkSize: 16777216
2022-06-06 21:31:21 DEBUG PooledByteBufAllocator:168 - -Dio.netty.allocator.smallCacheSize: 256
2022-06-06 21:31:21 DEBUG PooledByteBufAllocator:169 - -Dio.netty.allocator.normalCacheSize: 64
2022-06-06 21:31:21 DEBUG PooledByteBufAllocator:170 - -Dio.netty.allocator.maxCachedBufferCapacity: 32768
2022-06-06 21:31:21 DEBUG PooledByteBufAllocator:171 - -Dio.netty.allocator.cacheTrimInterval: 8192
2022-06-06 21:31:21 DEBUG PooledByteBufAllocator:172 - -Dio.netty.allocator.cacheTrimIntervalMillis: 0
2022-06-06 21:31:21 DEBUG PooledByteBufAllocator:173 - -Dio.netty.allocator.useCacheForAllThreads: true
2022-06-06 21:31:21 DEBUG PooledByteBufAllocator:174 - -Dio.netty.allocator.maxCachedByteBuffersPerChunk: 1023
2022-06-06 21:31:21 DEBUG ByteBufUtil:87 - -Dio.netty.allocator.type: pooled
2022-06-06 21:31:21 DEBUG ByteBufUtil:96 - -Dio.netty.threadLocalDirectBufferSize: 0
2022-06-06 21:31:21 DEBUG ByteBufUtil:99 - -Dio.netty.maxThreadLocalCharBufferSize: 16384
2022-06-06 21:31:22 DEBUG DefaultChannelId:79 - -Dio.netty.processId: 3937 (auto-detected)
2022-06-06 21:31:22 DEBUG NetUtil:135 - -Djava.net.preferIPv4Stack: false
2022-06-06 21:31:22 DEBUG NetUtil:136 - -Djava.net.preferIPv6Addresses: false
2022-06-06 21:31:22 DEBUG NetUtilInitializations:129 - Loopback interface: lo0 (lo0, 0:0:0:0:0:0:0:1%lo0)
2022-06-06 21:31:22 DEBUG NetUtil:187 - Failed to get SOMAXCONN from sysctl and file /proc/sys/net/core/somaxconn. Default: 128
2022-06-06 21:31:22 DEBUG DefaultChannelId:101 - -Dio.netty.machineId: 0c:e4:41:ff:fe:ec:2e:af (auto-detected)
2022-06-06 21:31:22 DEBUG AbstractByteBuf:63 - -Dio.netty.buffer.checkAccessible: true
2022-06-06 21:31:22 DEBUG AbstractByteBuf:64 - -Dio.netty.buffer.checkBounds: true
2022-06-06 21:31:22 DEBUG ResourceLeakDetectorFactory:196 - Loaded default ResourceLeakDetector: io.netty.util.ResourceLeakDetector@127b42fa
2022-06-06 21:31:22 DEBUG Recycler:103 - -Dio.netty.recycler.maxCapacityPerThread: 4096
2022-06-06 21:31:22 DEBUG Recycler:104 - -Dio.netty.recycler.maxSharedCapacityFactor: 2
2022-06-06 21:31:22 DEBUG Recycler:105 - -Dio.netty.recycler.linkCapacity: 16
2022-06-06 21:31:22 DEBUG Recycler:106 - -Dio.netty.recycler.ratio: 8
2022-06-06 21:31:22 DEBUG Recycler:107 - -Dio.netty.recycler.delayedQueue.ratio: 8
2022-06-06 21:31:26 DEBUG Brotli:38 - brotli4j not in the classpath; Brotli support will be unavailable.
2022-06-06 21:31:26 DEBUG ThreadLocalRandom:214 - -Dio.netty.initialSeedUniquifier: 0xcd5b3d4a688919b3
2022-06-06 21:31:31 INFO  Log:11 - =====================================loginTest TEST START=========================================
2022-06-06 21:31:32 INFO  Log:22 - User is going to click sign in
2022-06-06 21:31:40 INFO  Log:22 - Enter Usename and password
2022-06-06 21:31:43 INFO  Log:22 - Verfying if the url
2022-06-06 21:31:43 INFO  Log:22 - Login is Sucess
2022-06-06 21:31:43 INFO  Log:15 - =====================================LoginTest TEST END=========================================
